d:\ruaraidh\documents\programming\github\wffc-edit\woffcedit\debug\vc141.pdb
d:\ruaraidh\documents\programming\github\wffc-edit\woffcedit\debug\vc141.idb
d:\ruaraidh\documents\programming\github\wffc-edit\woffcedit\debug\toolmain.obj
d:\ruaraidh\documents\programming\github\wffc-edit\woffcedit\debug\selectdialogue.obj
d:\ruaraidh\documents\programming\github\wffc-edit\woffcedit\debug\sceneobject.obj
d:\ruaraidh\documents\programming\github\wffc-edit\woffcedit\debug\previewcamera.obj
d:\ruaraidh\documents\programming\github\wffc-edit\woffcedit\debug\mfcmain.obj
d:\ruaraidh\documents\programming\github\wffc-edit\woffcedit\debug\pch.obj
d:\ruaraidh\documents\programming\github\wffc-edit\woffcedit\debug\mfcrenderframe.obj
d:\ruaraidh\documents\programming\github\wffc-edit\woffcedit\debug\mfcinspectorframe.obj
d:\ruaraidh\documents\programming\github\wffc-edit\woffcedit\debug\mfcframe.obj
d:\ruaraidh\documents\programming\github\wffc-edit\woffcedit\debug\main.obj
d:\ruaraidh\documents\programming\github\wffc-edit\woffcedit\debug\inspectorpreview.obj
d:\ruaraidh\documents\programming\github\wffc-edit\woffcedit\debug\inspectordialogue.obj
d:\ruaraidh\documents\programming\github\wffc-edit\woffcedit\debug\game.obj
d:\ruaraidh\documents\programming\github\wffc-edit\woffcedit\debug\displayobject.obj
d:\ruaraidh\documents\programming\github\wffc-edit\woffcedit\debug\displaychunk.obj
d:\ruaraidh\documents\programming\github\wffc-edit\woffcedit\debug\deviceresources.obj
d:\ruaraidh\documents\programming\github\wffc-edit\woffcedit\debug\custom_cedit.obj
d:\ruaraidh\documents\programming\github\wffc-edit\woffcedit\debug\chunkobject.obj
d:\ruaraidh\documents\programming\github\wffc-edit\woffcedit\debug\camera.obj
d:\ruaraidh\documents\programming\github\wffc-edit\woffcedit\debug\sqlite3.obj
d:\ruaraidh\documents\programming\github\wffc-edit\woffcedit\debug\wofedit.exe
d:\ruaraidh\documents\programming\github\wffc-edit\woffcedit\debug\wofedit.ilk
d:\ruaraidh\documents\programming\github\wffc-edit\woffcedit\debug\wofedit.pdb
d:\ruaraidh\documents\programming\github\wffc-edit\woffcedit\debug\win32simplesample.res
d:\ruaraidh\documents\programming\github\wffc-edit\woffcedit\debug\inspectorpreview.obj.enc
d:\ruaraidh\documents\programming\github\wffc-edit\woffcedit\debug\wofedit.tlog\cl.command.1.tlog
d:\ruaraidh\documents\programming\github\wffc-edit\woffcedit\debug\wofedit.tlog\cl.read.1.tlog
d:\ruaraidh\documents\programming\github\wffc-edit\woffcedit\debug\wofedit.tlog\cl.write.1.tlog
d:\ruaraidh\documents\programming\github\wffc-edit\woffcedit\debug\wofedit.tlog\link.command.1.tlog
d:\ruaraidh\documents\programming\github\wffc-edit\woffcedit\debug\wofedit.tlog\link.read.1.tlog
d:\ruaraidh\documents\programming\github\wffc-edit\woffcedit\debug\wofedit.tlog\link.write.1.tlog
d:\ruaraidh\documents\programming\github\wffc-edit\woffcedit\debug\wofedit.tlog\rc.command.1.tlog
d:\ruaraidh\documents\programming\github\wffc-edit\woffcedit\debug\wofedit.tlog\rc.read.1.tlog
d:\ruaraidh\documents\programming\github\wffc-edit\woffcedit\debug\wofedit.tlog\rc.write.1.tlog
